<?xml version="1.0" encoding="UTF-8"?>
<testng-results ignored="0" total="1" passed="1" failed="0" skipped="0">
  <reporter-output>
  </reporter-output>
  <suite started-at="2024-08-03T15:31:46 IST" name="Surefire suite" finished-at="2024-08-03T15:31:50 IST" duration-ms="3582">
    <groups>
    </groups>
    <test started-at="2024-08-03T15:31:46 IST" name="Surefire test" finished-at="2024-08-03T15:31:50 IST" duration-ms="3582">
      <class name="mjd3_1.DemoTest1">
        <test-method signature="demoTest1()[pri:0, instance:mjd3_1.DemoTest1@13c10b87]" started-at="2024-08-03T15:31:47 IST" name="demoTest1" finished-at="2024-08-03T15:31:50 IST" duration-ms="3530" status="PASS">
          <reporter-output>
          </reporter-output>
        </test-method> <!-- demoTest1 -->
      </class> <!-- mjd3_1.DemoTest1 -->
    </test> <!-- Surefire test -->
  </suite> <!-- Surefire suite -->
</testng-results>
