<?xml version="1.0" encoding="UTF-8"?>
<testng-results ignored="0" total="1" passed="1" failed="0" skipped="0">
  <reporter-output>
  </reporter-output>
  <suite started-at="2024-08-06T15:43:26 IST" name="Surefire suite" finished-at="2024-08-06T15:43:33 IST" duration-ms="6818">
    <groups>
    </groups>
    <test started-at="2024-08-06T15:43:26 IST" name="Surefire test" finished-at="2024-08-06T15:43:33 IST" duration-ms="6818">
      <class name="mjd3_1.DemoParametersTest">
        <test-method signature="demoParametersTest()[pri:0, instance:mjd3_1.DemoParametersTest@13c10b87]" started-at="2024-08-06T15:43:26 IST" name="demoParametersTest" finished-at="2024-08-06T15:43:33 IST" duration-ms="6782" status="PASS">
          <reporter-output>
          </reporter-output>
        </test-method> <!-- demoParametersTest -->
      </class> <!-- mjd3_1.DemoParametersTest -->
    </test> <!-- Surefire test -->
  </suite> <!-- Surefire suite -->
</testng-results>
