<?xml version="1.0" encoding="UTF-8"?>
<testng-results ignored="0" total="1" passed="1" failed="0" skipped="0">
  <reporter-output>
  </reporter-output>
  <suite started-at="2024-08-03T16:55:21 IST" name="Default suite" finished-at="2024-08-03T16:55:43 IST" duration-ms="21860">
    <groups>
    </groups>
    <test started-at="2024-08-03T16:55:21 IST" name="Default test" finished-at="2024-08-03T16:55:43 IST" duration-ms="21860">
      <class name="mjd3_1.DemoTest2">
        <test-method signature="demoTest1()[pri:0, instance:mjd3_1.DemoTest2@2d7275fc]" started-at="2024-08-03T16:55:21 IST" name="demoTest1" finished-at="2024-08-03T16:55:43 IST" duration-ms="21810" status="PASS">
          <reporter-output>
          </reporter-output>
        </test-method> <!-- demoTest1 -->
      </class> <!-- mjd3_1.DemoTest2 -->
    </test> <!-- Default test -->
  </suite> <!-- Default suite -->
</testng-results>
